<?xml version="1.0" encoding="UTF-8"?>
<testsuite xmlns:xsi="http://www.w3.org/2001/XMLSchema-instance" xsi:noNamespaceSchemaLocation="https://maven.apache.org/surefire/maven-surefire-plugin/xsd/surefire-test-report.xsd" name="ru.javawebinar.topjava.web.user.ProfileRestControllerTest" time="0.549" tests="7" errors="0" skipped="0" failures="0">
  <properties>
    <property name="gopherProxySet" value="false"/>
    <property name="awt.toolkit" value="sun.lwawt.macosx.LWCToolkit"/>
    <property name="java.specification.version" value="11"/>
    <property name="sun.cpu.isalist" value=""/>
    <property name="sun.jnu.encoding" value="UTF-8"/>
    <property name="java.class.path" value="/Users/a1/Downloads/JavaRushTopJavaStage/topjava-1/target/test-classes:/Users/a1/Downloads/JavaRushTopJavaStage/topjava-1/target/classes:/Users/a1/.m2/repository/org/slf4j/slf4j-api/1.7.25/slf4j-api-1.7.25.jar:/Users/a1/.m2/repository/org/slf4j/jul-to-slf4j/1.7.25/jul-to-slf4j-1.7.25.jar:/Users/a1/.m2/repository/ch/qos/logback/logback-classic/1.2.3/logback-classic-1.2.3.jar:/Users/a1/.m2/repository/ch/qos/logback/logback-core/1.2.3/logback-core-1.2.3.jar:/Users/a1/.m2/repository/javax/annotation/javax.annotation-api/1.3.2/javax.annotation-api-1.3.2.jar:/Users/a1/.m2/repository/org/springframework/spring-context-support/5.1.4.RELEASE/spring-context-support-5.1.4.RELEASE.jar:/Users/a1/.m2/repository/org/springframework/spring-beans/5.1.4.RELEASE/spring-beans-5.1.4.RELEASE.jar:/Users/a1/.m2/repository/org/springframework/spring-context/5.1.4.RELEASE/spring-context-5.1.4.RELEASE.jar:/Users/a1/.m2/repository/org/springframework/spring-core/5.1.4.RELEASE/spring-core-5.1.4.RELEASE.jar:/Users/a1/.m2/repository/org/springframework/spring-jcl/5.1.4.RELEASE/spring-jcl-5.1.4.RELEASE.jar:/Users/a1/.m2/repository/org/springframework/data/spring-data-jpa/2.1.5.RELEASE/spring-data-jpa-2.1.5.RELEASE.jar:/Users/a1/.m2/repository/org/springframework/data/spring-data-commons/2.1.5.RELEASE/spring-data-commons-2.1.5.RELEASE.jar:/Users/a1/.m2/repository/org/springframework/spring-orm/5.1.4.RELEASE/spring-orm-5.1.4.RELEASE.jar:/Users/a1/.m2/repository/org/springframework/spring-jdbc/5.1.4.RELEASE/spring-jdbc-5.1.4.RELEASE.jar:/Users/a1/.m2/repository/org/springframework/spring-aop/5.1.4.RELEASE/spring-aop-5.1.4.RELEASE.jar:/Users/a1/.m2/repository/org/springframework/spring-tx/5.1.4.RELEASE/spring-tx-5.1.4.RELEASE.jar:/Users/a1/.m2/repository/org/aspectj/aspectjrt/1.9.2/aspectjrt-1.9.2.jar:/Users/a1/.m2/repository/org/springframework/security/spring-security-web/5.1.4.RELEASE/spring-security-web-5.1.4.RELEASE.jar:/Users/a1/.m2/repository/org/springframework/security/spring-security-core/5.1.4.RELEASE/spring-security-core-5.1.4.RELEASE.jar:/Users/a1/.m2/repository/org/springframework/spring-expression/5.1.4.RELEASE/spring-expression-5.1.4.RELEASE.jar:/Users/a1/.m2/repository/org/springframework/spring-web/5.1.4.RELEASE/spring-web-5.1.4.RELEASE.jar:/Users/a1/.m2/repository/org/springframework/security/spring-security-config/5.1.4.RELEASE/spring-security-config-5.1.4.RELEASE.jar:/Users/a1/.m2/repository/org/springframework/security/spring-security-taglibs/5.1.4.RELEASE/spring-security-taglibs-5.1.4.RELEASE.jar:/Users/a1/.m2/repository/org/springframework/security/spring-security-acl/5.1.4.RELEASE/spring-security-acl-5.1.4.RELEASE.jar:/Users/a1/.m2/repository/org/hibernate/hibernate-core/5.4.1.Final/hibernate-core-5.4.1.Final.jar:/Users/a1/.m2/repository/org/jboss/logging/jboss-logging/3.3.2.Final/jboss-logging-3.3.2.Final.jar:/Users/a1/.m2/repository/javax/persistence/javax.persistence-api/2.2/javax.persistence-api-2.2.jar:/Users/a1/.m2/repository/org/javassist/javassist/3.24.0-GA/javassist-3.24.0-GA.jar:/Users/a1/.m2/repository/net/bytebuddy/byte-buddy/1.9.5/byte-buddy-1.9.5.jar:/Users/a1/.m2/repository/antlr/antlr/2.7.7/antlr-2.7.7.jar:/Users/a1/.m2/repository/org/jboss/spec/javax/transaction/jboss-transaction-api_1.2_spec/1.1.1.Final/jboss-transaction-api_1.2_spec-1.1.1.Final.jar:/Users/a1/.m2/repository/org/jboss/jandex/2.0.5.Final/jandex-2.0.5.Final.jar:/Users/a1/.m2/repository/com/fasterxml/classmate/1.3.4/classmate-1.3.4.jar:/Users/a1/.m2/repository/javax/activation/javax.activation-api/1.2.0/javax.activation-api-1.2.0.jar:/Users/a1/.m2/repository/org/dom4j/dom4j/2.1.1/dom4j-2.1.1.jar:/Users/a1/.m2/repository/org/hibernate/common/hibernate-commons-annotations/5.1.0.Final/hibernate-commons-annotations-5.1.0.Final.jar:/Users/a1/.m2/repository/javax/xml/bind/jaxb-api/2.3.1/jaxb-api-2.3.1.jar:/Users/a1/.m2/repository/org/hibernate/validator/hibernate-validator/6.0.15.Final/hibernate-validator-6.0.15.Final.jar:/Users/a1/.m2/repository/javax/validation/validation-api/2.0.1.Final/validation-api-2.0.1.Final.jar:/Users/a1/.m2/repository/org/jsoup/jsoup/1.11.3/jsoup-1.11.3.jar:/Users/a1/.m2/repository/org/hibernate/hibernate-jcache/5.4.1.Final/hibernate-jcache-5.4.1.Final.jar:/Users/a1/.m2/repository/org/glassfish/javax.el/3.0.1-b11/javax.el-3.0.1-b11.jar:/Users/a1/.m2/repository/javax/cache/cache-api/1.1.0/cache-api-1.1.0.jar:/Users/a1/.m2/repository/org/ehcache/ehcache/3.7.0/ehcache-3.7.0.jar:/Users/a1/.m2/repository/org/glassfish/jaxb/jaxb-runtime/2.4.0-b180830.0438/jaxb-runtime-2.4.0-b180830.0438.jar:/Users/a1/.m2/repository/org/glassfish/jaxb/txw2/2.4.0-b180830.0438/txw2-2.4.0-b180830.0438.jar:/Users/a1/.m2/repository/com/sun/istack/istack-commons-runtime/3.0.7/istack-commons-runtime-3.0.7.jar:/Users/a1/.m2/repository/org/jvnet/staxex/stax-ex/1.8/stax-ex-1.8.jar:/Users/a1/.m2/repository/com/sun/xml/fastinfoset/FastInfoset/1.2.15/FastInfoset-1.2.15.jar:/Users/a1/.m2/repository/org/apache/tomcat/tomcat-servlet-api/9.0.19/tomcat-servlet-api-9.0.19.jar:/Users/a1/.m2/repository/javax/servlet/jstl/1.2/jstl-1.2.jar:/Users/a1/.m2/repository/org/springframework/spring-webmvc/5.1.4.RELEASE/spring-webmvc-5.1.4.RELEASE.jar:/Users/a1/.m2/repository/org/webjars/jquery/3.3.1-2/jquery-3.3.1-2.jar:/Users/a1/.m2/repository/org/webjars/bootstrap/4.3.1/bootstrap-4.3.1.jar:/Users/a1/.m2/repository/org/webjars/popper.js/1.14.3/popper.js-1.14.3.jar:/Users/a1/.m2/repository/org/webjars/datatables/1.10.19/datatables-1.10.19.jar:/Users/a1/.m2/repository/org/webjars/bower/datetimepicker/2.5.20/datetimepicker-2.5.20.jar:/Users/a1/.m2/repository/org/webjars/bower/jquery-mousewheel/3.1.13/jquery-mousewheel-3.1.13.jar:/Users/a1/.m2/repository/org/webjars/bower/noty/3.1.4/noty-3.1.4.jar:/Users/a1/.m2/repository/com/fasterxml/jackson/core/jackson-databind/2.9.8/jackson-databind-2.9.8.jar:/Users/a1/.m2/repository/com/fasterxml/jackson/core/jackson-annotations/2.9.0/jackson-annotations-2.9.0.jar:/Users/a1/.m2/repository/com/fasterxml/jackson/core/jackson-core/2.9.8/jackson-core-2.9.8.jar:/Users/a1/.m2/repository/com/fasterxml/jackson/datatype/jackson-datatype-hibernate5/2.9.8/jackson-datatype-hibernate5-2.9.8.jar:/Users/a1/.m2/repository/javax/transaction/jta/1.1/jta-1.1.jar:/Users/a1/.m2/repository/com/fasterxml/jackson/datatype/jackson-datatype-jsr310/2.9.8/jackson-datatype-jsr310-2.9.8.jar:/Users/a1/.m2/repository/org/junit/jupiter/junit-jupiter-engine/5.4.1/junit-jupiter-engine-5.4.1.jar:/Users/a1/.m2/repository/org/apiguardian/apiguardian-api/1.0.0/apiguardian-api-1.0.0.jar:/Users/a1/.m2/repository/org/junit/platform/junit-platform-engine/1.4.1/junit-platform-engine-1.4.1.jar:/Users/a1/.m2/repository/org/opentest4j/opentest4j/1.1.1/opentest4j-1.1.1.jar:/Users/a1/.m2/repository/org/junit/platform/junit-platform-commons/1.4.1/junit-platform-commons-1.4.1.jar:/Users/a1/.m2/repository/org/junit/jupiter/junit-jupiter-api/5.4.1/junit-jupiter-api-5.4.1.jar:/Users/a1/.m2/repository/org/hamcrest/hamcrest-core/1.3/hamcrest-core-1.3.jar:/Users/a1/.m2/repository/com/jayway/jsonpath/json-path/2.4.0/json-path-2.4.0.jar:/Users/a1/.m2/repository/net/minidev/json-smart/2.3/json-smart-2.3.jar:/Users/a1/.m2/repository/net/minidev/accessors-smart/1.2/accessors-smart-1.2.jar:/Users/a1/.m2/repository/org/ow2/asm/asm/5.0.4/asm-5.0.4.jar:/Users/a1/.m2/repository/org/springframework/spring-test/5.1.4.RELEASE/spring-test-5.1.4.RELEASE.jar:/Users/a1/.m2/repository/org/springframework/security/spring-security-test/5.1.4.RELEASE/spring-security-test-5.1.4.RELEASE.jar:/Users/a1/.m2/repository/org/assertj/assertj-core/3.12.0/assertj-core-3.12.0.jar:/Users/a1/.m2/repository/org/postgresql/postgresql/42.2.5/postgresql-42.2.5.jar:/Users/a1/.m2/repository/org/apache/tomcat/tomcat-jdbc/9.0.19/tomcat-jdbc-9.0.19.jar:/Users/a1/.m2/repository/org/apache/tomcat/tomcat-juli/9.0.19/tomcat-juli-9.0.19.jar:"/>
    <property name="java.vm.vendor" value="Oracle Corporation"/>
    <property name="sun.arch.data.model" value="64"/>
    <property name="java.vendor.url" value="http://java.oracle.com/"/>
    <property name="user.timezone" value=""/>
    <property name="java.vm.specification.version" value="11"/>
    <property name="os.name" value="Mac OS X"/>
    <property name="sun.java.launcher" value="SUN_STANDARD"/>
    <property name="user.country" value="US"/>
    <property name="sun.boot.library.path" value="/Library/Java/JavaVirtualMachines/jdk-11.0.2.jdk/Contents/Home/lib"/>
    <property name="sun.java.command" value="/Users/a1/Downloads/JavaRushTopJavaStage/topjava-1/target/surefire/surefirebooter3063051713407024185.jar /Users/a1/Downloads/JavaRushTopJavaStage/topjava-1/target/surefire 2019-05-02T08-48-25_376-jvmRun1 surefire7535427060221522280tmp surefire_016930139427688826880tmp"/>
    <property name="http.nonProxyHosts" value="local|*.local|169.254/16|*.169.254/16"/>
    <property name="jdk.debug" value="release"/>
    <property name="surefire.test.class.path" value="/Users/a1/Downloads/JavaRushTopJavaStage/topjava-1/target/test-classes:/Users/a1/Downloads/JavaRushTopJavaStage/topjava-1/target/classes:/Users/a1/.m2/repository/org/slf4j/slf4j-api/1.7.25/slf4j-api-1.7.25.jar:/Users/a1/.m2/repository/org/slf4j/jul-to-slf4j/1.7.25/jul-to-slf4j-1.7.25.jar:/Users/a1/.m2/repository/ch/qos/logback/logback-classic/1.2.3/logback-classic-1.2.3.jar:/Users/a1/.m2/repository/ch/qos/logback/logback-core/1.2.3/logback-core-1.2.3.jar:/Users/a1/.m2/repository/javax/annotation/javax.annotation-api/1.3.2/javax.annotation-api-1.3.2.jar:/Users/a1/.m2/repository/org/springframework/spring-context-support/5.1.4.RELEASE/spring-context-support-5.1.4.RELEASE.jar:/Users/a1/.m2/repository/org/springframework/spring-beans/5.1.4.RELEASE/spring-beans-5.1.4.RELEASE.jar:/Users/a1/.m2/repository/org/springframework/spring-context/5.1.4.RELEASE/spring-context-5.1.4.RELEASE.jar:/Users/a1/.m2/repository/org/springframework/spring-core/5.1.4.RELEASE/spring-core-5.1.4.RELEASE.jar:/Users/a1/.m2/repository/org/springframework/spring-jcl/5.1.4.RELEASE/spring-jcl-5.1.4.RELEASE.jar:/Users/a1/.m2/repository/org/springframework/data/spring-data-jpa/2.1.5.RELEASE/spring-data-jpa-2.1.5.RELEASE.jar:/Users/a1/.m2/repository/org/springframework/data/spring-data-commons/2.1.5.RELEASE/spring-data-commons-2.1.5.RELEASE.jar:/Users/a1/.m2/repository/org/springframework/spring-orm/5.1.4.RELEASE/spring-orm-5.1.4.RELEASE.jar:/Users/a1/.m2/repository/org/springframework/spring-jdbc/5.1.4.RELEASE/spring-jdbc-5.1.4.RELEASE.jar:/Users/a1/.m2/repository/org/springframework/spring-aop/5.1.4.RELEASE/spring-aop-5.1.4.RELEASE.jar:/Users/a1/.m2/repository/org/springframework/spring-tx/5.1.4.RELEASE/spring-tx-5.1.4.RELEASE.jar:/Users/a1/.m2/repository/org/aspectj/aspectjrt/1.9.2/aspectjrt-1.9.2.jar:/Users/a1/.m2/repository/org/springframework/security/spring-security-web/5.1.4.RELEASE/spring-security-web-5.1.4.RELEASE.jar:/Users/a1/.m2/repository/org/springframework/security/spring-security-core/5.1.4.RELEASE/spring-security-core-5.1.4.RELEASE.jar:/Users/a1/.m2/repository/org/springframework/spring-expression/5.1.4.RELEASE/spring-expression-5.1.4.RELEASE.jar:/Users/a1/.m2/repository/org/springframework/spring-web/5.1.4.RELEASE/spring-web-5.1.4.RELEASE.jar:/Users/a1/.m2/repository/org/springframework/security/spring-security-config/5.1.4.RELEASE/spring-security-config-5.1.4.RELEASE.jar:/Users/a1/.m2/repository/org/springframework/security/spring-security-taglibs/5.1.4.RELEASE/spring-security-taglibs-5.1.4.RELEASE.jar:/Users/a1/.m2/repository/org/springframework/security/spring-security-acl/5.1.4.RELEASE/spring-security-acl-5.1.4.RELEASE.jar:/Users/a1/.m2/repository/org/hibernate/hibernate-core/5.4.1.Final/hibernate-core-5.4.1.Final.jar:/Users/a1/.m2/repository/org/jboss/logging/jboss-logging/3.3.2.Final/jboss-logging-3.3.2.Final.jar:/Users/a1/.m2/repository/javax/persistence/javax.persistence-api/2.2/javax.persistence-api-2.2.jar:/Users/a1/.m2/repository/org/javassist/javassist/3.24.0-GA/javassist-3.24.0-GA.jar:/Users/a1/.m2/repository/net/bytebuddy/byte-buddy/1.9.5/byte-buddy-1.9.5.jar:/Users/a1/.m2/repository/antlr/antlr/2.7.7/antlr-2.7.7.jar:/Users/a1/.m2/repository/org/jboss/spec/javax/transaction/jboss-transaction-api_1.2_spec/1.1.1.Final/jboss-transaction-api_1.2_spec-1.1.1.Final.jar:/Users/a1/.m2/repository/org/jboss/jandex/2.0.5.Final/jandex-2.0.5.Final.jar:/Users/a1/.m2/repository/com/fasterxml/classmate/1.3.4/classmate-1.3.4.jar:/Users/a1/.m2/repository/javax/activation/javax.activation-api/1.2.0/javax.activation-api-1.2.0.jar:/Users/a1/.m2/repository/org/dom4j/dom4j/2.1.1/dom4j-2.1.1.jar:/Users/a1/.m2/repository/org/hibernate/common/hibernate-commons-annotations/5.1.0.Final/hibernate-commons-annotations-5.1.0.Final.jar:/Users/a1/.m2/repository/javax/xml/bind/jaxb-api/2.3.1/jaxb-api-2.3.1.jar:/Users/a1/.m2/repository/org/hibernate/validator/hibernate-validator/6.0.15.Final/hibernate-validator-6.0.15.Final.jar:/Users/a1/.m2/repository/javax/validation/validation-api/2.0.1.Final/validation-api-2.0.1.Final.jar:/Users/a1/.m2/repository/org/jsoup/jsoup/1.11.3/jsoup-1.11.3.jar:/Users/a1/.m2/repository/org/hibernate/hibernate-jcache/5.4.1.Final/hibernate-jcache-5.4.1.Final.jar:/Users/a1/.m2/repository/org/glassfish/javax.el/3.0.1-b11/javax.el-3.0.1-b11.jar:/Users/a1/.m2/repository/javax/cache/cache-api/1.1.0/cache-api-1.1.0.jar:/Users/a1/.m2/repository/org/ehcache/ehcache/3.7.0/ehcache-3.7.0.jar:/Users/a1/.m2/repository/org/glassfish/jaxb/jaxb-runtime/2.4.0-b180830.0438/jaxb-runtime-2.4.0-b180830.0438.jar:/Users/a1/.m2/repository/org/glassfish/jaxb/txw2/2.4.0-b180830.0438/txw2-2.4.0-b180830.0438.jar:/Users/a1/.m2/repository/com/sun/istack/istack-commons-runtime/3.0.7/istack-commons-runtime-3.0.7.jar:/Users/a1/.m2/repository/org/jvnet/staxex/stax-ex/1.8/stax-ex-1.8.jar:/Users/a1/.m2/repository/com/sun/xml/fastinfoset/FastInfoset/1.2.15/FastInfoset-1.2.15.jar:/Users/a1/.m2/repository/org/apache/tomcat/tomcat-servlet-api/9.0.19/tomcat-servlet-api-9.0.19.jar:/Users/a1/.m2/repository/javax/servlet/jstl/1.2/jstl-1.2.jar:/Users/a1/.m2/repository/org/springframework/spring-webmvc/5.1.4.RELEASE/spring-webmvc-5.1.4.RELEASE.jar:/Users/a1/.m2/repository/org/webjars/jquery/3.3.1-2/jquery-3.3.1-2.jar:/Users/a1/.m2/repository/org/webjars/bootstrap/4.3.1/bootstrap-4.3.1.jar:/Users/a1/.m2/repository/org/webjars/popper.js/1.14.3/popper.js-1.14.3.jar:/Users/a1/.m2/repository/org/webjars/datatables/1.10.19/datatables-1.10.19.jar:/Users/a1/.m2/repository/org/webjars/bower/datetimepicker/2.5.20/datetimepicker-2.5.20.jar:/Users/a1/.m2/repository/org/webjars/bower/jquery-mousewheel/3.1.13/jquery-mousewheel-3.1.13.jar:/Users/a1/.m2/repository/org/webjars/bower/noty/3.1.4/noty-3.1.4.jar:/Users/a1/.m2/repository/com/fasterxml/jackson/core/jackson-databind/2.9.8/jackson-databind-2.9.8.jar:/Users/a1/.m2/repository/com/fasterxml/jackson/core/jackson-annotations/2.9.0/jackson-annotations-2.9.0.jar:/Users/a1/.m2/repository/com/fasterxml/jackson/core/jackson-core/2.9.8/jackson-core-2.9.8.jar:/Users/a1/.m2/repository/com/fasterxml/jackson/datatype/jackson-datatype-hibernate5/2.9.8/jackson-datatype-hibernate5-2.9.8.jar:/Users/a1/.m2/repository/javax/transaction/jta/1.1/jta-1.1.jar:/Users/a1/.m2/repository/com/fasterxml/jackson/datatype/jackson-datatype-jsr310/2.9.8/jackson-datatype-jsr310-2.9.8.jar:/Users/a1/.m2/repository/org/junit/jupiter/junit-jupiter-engine/5.4.1/junit-jupiter-engine-5.4.1.jar:/Users/a1/.m2/repository/org/apiguardian/apiguardian-api/1.0.0/apiguardian-api-1.0.0.jar:/Users/a1/.m2/repository/org/junit/platform/junit-platform-engine/1.4.1/junit-platform-engine-1.4.1.jar:/Users/a1/.m2/repository/org/opentest4j/opentest4j/1.1.1/opentest4j-1.1.1.jar:/Users/a1/.m2/repository/org/junit/platform/junit-platform-commons/1.4.1/junit-platform-commons-1.4.1.jar:/Users/a1/.m2/repository/org/junit/jupiter/junit-jupiter-api/5.4.1/junit-jupiter-api-5.4.1.jar:/Users/a1/.m2/repository/org/hamcrest/hamcrest-core/1.3/hamcrest-core-1.3.jar:/Users/a1/.m2/repository/com/jayway/jsonpath/json-path/2.4.0/json-path-2.4.0.jar:/Users/a1/.m2/repository/net/minidev/json-smart/2.3/json-smart-2.3.jar:/Users/a1/.m2/repository/net/minidev/accessors-smart/1.2/accessors-smart-1.2.jar:/Users/a1/.m2/repository/org/ow2/asm/asm/5.0.4/asm-5.0.4.jar:/Users/a1/.m2/repository/org/springframework/spring-test/5.1.4.RELEASE/spring-test-5.1.4.RELEASE.jar:/Users/a1/.m2/repository/org/springframework/security/spring-security-test/5.1.4.RELEASE/spring-security-test-5.1.4.RELEASE.jar:/Users/a1/.m2/repository/org/assertj/assertj-core/3.12.0/assertj-core-3.12.0.jar:/Users/a1/.m2/repository/org/postgresql/postgresql/42.2.5/postgresql-42.2.5.jar:/Users/a1/.m2/repository/org/apache/tomcat/tomcat-jdbc/9.0.19/tomcat-jdbc-9.0.19.jar:/Users/a1/.m2/repository/org/apache/tomcat/tomcat-juli/9.0.19/tomcat-juli-9.0.19.jar:"/>
    <property name="sun.cpu.endian" value="little"/>
    <property name="user.home" value="/Users/a1"/>
    <property name="user.language" value="en"/>
    <property name="java.specification.vendor" value="Oracle Corporation"/>
    <property name="java.version.date" value="2019-01-15"/>
    <property name="java.home" value="/Library/Java/JavaVirtualMachines/jdk-11.0.2.jdk/Contents/Home"/>
    <property name="file.separator" value="/"/>
    <property name="basedir" value="/Users/a1/Downloads/JavaRushTopJavaStage/topjava-1"/>
    <property name="java.vm.compressedOopsMode" value="Zero based"/>
    <property name="line.separator" value="&#10;"/>
    <property name="java.specification.name" value="Java Platform API Specification"/>
    <property name="java.vm.specification.vendor" value="Oracle Corporation"/>
    <property name="java.awt.graphicsenv" value="sun.awt.CGraphicsEnvironment"/>
    <property name="surefire.real.class.path" value="/Users/a1/Downloads/JavaRushTopJavaStage/topjava-1/target/surefire/surefirebooter3063051713407024185.jar"/>
    <property name="sun.management.compiler" value="HotSpot 64-Bit Tiered Compilers"/>
    <property name="ftp.nonProxyHosts" value="local|*.local|169.254/16|*.169.254/16"/>
    <property name="java.runtime.version" value="11.0.2+9-LTS"/>
    <property name="user.name" value="a1"/>
    <property name="path.separator" value=":"/>
    <property name="os.version" value="10.14.1"/>
    <property name="java.runtime.name" value="Java(TM) SE Runtime Environment"/>
    <property name="file.encoding" value="UTF-8"/>
    <property name="java.vm.name" value="Java HotSpot(TM) 64-Bit Server VM"/>
    <property name="java.vendor.version" value="18.9"/>
    <property name="localRepository" value="/Users/a1/.m2/repository"/>
    <property name="java.vendor.url.bug" value="http://bugreport.java.com/bugreport/"/>
    <property name="java.io.tmpdir" value="/var/folders/8h/hz8x3_6d38d18gzzbf9kdhkm0000gp/T/"/>
    <property name="java.version" value="11.0.2"/>
    <property name="user.dir" value="/Users/a1/Downloads/JavaRushTopJavaStage/topjava-1"/>
    <property name="os.arch" value="x86_64"/>
    <property name="java.vm.specification.name" value="Java Virtual Machine Specification"/>
    <property name="java.awt.printerjob" value="sun.lwawt.macosx.CPrinterJob"/>
    <property name="sun.os.patch.level" value="unknown"/>
    <property name="idea.version2019.1" value="true"/>
    <property name="java.library.path" value="/Users/a1/Library/Java/Extensions:/Library/Java/Extensions:/Network/Library/Java/Extensions:/System/Library/Java/Extensions:/usr/lib/java:."/>
    <property name="java.vendor" value="Oracle Corporation"/>
    <property name="java.vm.info" value="mixed mode"/>
    <property name="java.vm.version" value="11.0.2+9-LTS"/>
    <property name="sun.io.unicode.encoding" value="UnicodeBig"/>
    <property name="java.class.version" value="55.0"/>
    <property name="socksNonProxyHosts" value="local|*.local|169.254/16|*.169.254/16"/>
  </properties>
  <testcase name="testUpdateInvalid" classname="ru.javawebinar.topjava.web.user.ProfileRestControllerTest" time="0.046"/>
  <testcase name="testGet" classname="ru.javawebinar.topjava.web.user.ProfileRestControllerTest" time="0.022"/>
  <testcase name="testRegister" classname="ru.javawebinar.topjava.web.user.ProfileRestControllerTest" time="0.125"/>
  <testcase name="testDelete" classname="ru.javawebinar.topjava.web.user.ProfileRestControllerTest" time="0.051"/>
  <testcase name="testGetUnAuth" classname="ru.javawebinar.topjava.web.user.ProfileRestControllerTest" time="0.014"/>
  <testcase name="testUpdate" classname="ru.javawebinar.topjava.web.user.ProfileRestControllerTest" time="0.171"/>
  <testcase name="testDuplicate" classname="ru.javawebinar.topjava.web.user.ProfileRestControllerTest" time="0.046"/>
</testsuite>